14:39:55.509 [main] DEBUG stratpoint.samuelnieva.Main -- Start of main method:
14:41:05.609 [main] DEBUG stratpoint.samuelnieva.ServiceLayer.IMPL.LibraryServiceIMPL -- returnedList has been cleared.
14:41:05.610 [main] DEBUG stratpoint.samuelnieva.ServiceLayer.IMPL.LibraryServiceIMPL -- Book Manga has been added to returnedList
14:41:05.612 [main] DEBUG stratpoint.samuelnieva.ServiceLayer.IMPL.LibraryServiceIMPL -- searchBooks has left the initial for loop with 1 books in returnedList
15:33:14.446 [main] DEBUG stratpoint.samuelnieva.Main -- Start of main method:
15:33:25.529 [main] DEBUG stratpoint.samuelnieva.ServiceLayer.IMPL.LibraryServiceIMPL -- Successfully removed book in index 3 from listBooks
15:35:30.823 [main] DEBUG stratpoint.samuelnieva.ServiceLayer.IMPL.LibraryServiceIMPL -- Successfully removed book in index 0 from listBooks
15:36:30.202 [main] DEBUG stratpoint.samuelnieva.ServiceLayer.IMPL.LibraryServiceIMPL -- Successfully removed book in index 0 from listBooks
15:37:03.022 [main] DEBUG stratpoint.samuelnieva.ServiceLayer.IMPL.LibraryServiceIMPL -- Successfully removed book in index 0 from listBooks
15:37:35.954 [stratpoint.samuelnieva.Main.main()] DEBUG stratpoint.samuelnieva.Main -- Start of main method:
15:37:42.546 [stratpoint.samuelnieva.Main.main()] DEBUG stratpoint.samuelnieva.ServiceLayer.IMPL.LibraryServiceIMPL -- Successfully removed book in index 4 from listBooks
17:54:31.936 [main] DEBUG stratpoint.samuelnieva.ServiceLayer.IMPL.LibraryServiceIMPL -- Successfully removed book in index 0 from listBooks
17:55:43.458 [stratpoint.samuelnieva.Main.main()] DEBUG stratpoint.samuelnieva.Main -- Start of main method:
09:17:58.552 [main] DEBUG stratpoint.samuelnieva.ServiceLayer.IMPL.LibraryServiceIMPL -- Successfully removed book in index 0 from listBooks
09:18:08.243 [stratpoint.samuelnieva.Main.main()] DEBUG stratpoint.samuelnieva.Main -- Start of main method:
09:18:32.158 [stratpoint.samuelnieva.Main.main()] DEBUG stratpoint.samuelnieva.ServiceLayer.IMPL.LibraryServiceIMPL -- Successfully removed book in index 2 from listBooks
09:58:18.943 [main] DEBUG stratpoint.samuelnieva.ServiceLayer.IMPL.LibraryServiceIMPL -- Successfully removed book in index 0 from listBooks
09:58:26.136 [main] DEBUG stratpoint.samuelnieva.Main -- Start of main method:
10:06:27.576 [main] DEBUG stratpoint.samuelnieva.Main -- Start of main method:
10:07:07.787 [main] DEBUG stratpoint.samuelnieva.Main -- Start of main method:
10:08:43.837 [main] DEBUG stratpoint.samuelnieva.Main -- Start of main method:
10:08:57.897 [main] DEBUG stratpoint.samuelnieva.ServiceLayer.IMPL.LibraryServiceIMPL -- Successfully removed book in index 10 from listBooks
10:39:48.230 [main] DEBUG stratpoint.samuelnieva.Main -- Start of main method:
10:40:49.413 [main] DEBUG stratpoint.samuelnieva.Main -- Start of main method:
10:43:08.227 [main] DEBUG stratpoint.samuelnieva.Main -- Start of main method:
10:47:09.538 [main] DEBUG stratpoint.samuelnieva.Main -- Start of main method:
10:54:48.647 [main] DEBUG stratpoint.samuelnieva.Main -- Start of main method:
10:55:33.227 [main] DEBUG stratpoint.samuelnieva.Main -- Start of main method:
10:59:42.088 [main] DEBUG stratpoint.samuelnieva.Main -- Start of main method:
11:00:20.422 [main] DEBUG stratpoint.samuelnieva.ServiceLayer.IMPL.LibraryServiceIMPL -- Successfully removed book in index 0 from listBooks
11:00:27.064 [stratpoint.samuelnieva.Main.main()] DEBUG stratpoint.samuelnieva.Main -- Start of main method:
13:23:25.454 [main] DEBUG stratpoint.samuelnieva.ServiceLayer.IMPL.LibraryServiceIMPL -- Successfully removed book in index 0 from listBooks
13:23:30.760 [stratpoint.samuelnieva.Main.main()] DEBUG stratpoint.samuelnieva.Main -- Start of main method:
13:24:14.159 [stratpoint.samuelnieva.Main.main()] DEBUG stratpoint.samuelnieva.Main -- Start of main method:
13:24:43.940 [stratpoint.samuelnieva.Main.main()] DEBUG stratpoint.samuelnieva.Main -- Start of main method:
13:25:54.130 [stratpoint.samuelnieva.Main.main()] DEBUG stratpoint.samuelnieva.Main -- Start of main method:
13:26:49.853 [main] DEBUG stratpoint.samuelnieva.ServiceLayer.IMPL.LibraryServiceIMPL -- Successfully removed book in index 0 from listBooks
13:28:03.846 [main] DEBUG stratpoint.samuelnieva.ServiceLayer.IMPL.LibraryServiceIMPL -- Successfully removed book in index 0 from listBooks
13:28:09.241 [stratpoint.samuelnieva.Main.main()] DEBUG stratpoint.samuelnieva.Main -- Start of main method:
13:28:14.976 [stratpoint.samuelnieva.Main.main()] DEBUG stratpoint.samuelnieva.ServiceLayer.IMPL.LibraryServiceIMPL -- returnedList has been cleared.
13:28:14.977 [stratpoint.samuelnieva.Main.main()] DEBUG stratpoint.samuelnieva.ServiceLayer.IMPL.LibraryServiceIMPL -- Book One Piece has been added to returnedList
13:28:14.978 [stratpoint.samuelnieva.Main.main()] DEBUG stratpoint.samuelnieva.ServiceLayer.IMPL.LibraryServiceIMPL -- Book Death Note has been added to returnedList
13:28:14.979 [stratpoint.samuelnieva.Main.main()] DEBUG stratpoint.samuelnieva.ServiceLayer.IMPL.LibraryServiceIMPL -- Book Steve Jobs: A Biography (Greenwood Biographies) has been added to returnedList
13:28:14.979 [stratpoint.samuelnieva.Main.main()] DEBUG stratpoint.samuelnieva.ServiceLayer.IMPL.LibraryServiceIMPL -- Book Alexander Hamilton has been added to returnedList
13:28:14.979 [stratpoint.samuelnieva.Main.main()] DEBUG stratpoint.samuelnieva.ServiceLayer.IMPL.LibraryServiceIMPL -- Book Don Quixote has been added to returnedList
13:28:14.980 [stratpoint.samuelnieva.Main.main()] DEBUG stratpoint.samuelnieva.ServiceLayer.IMPL.LibraryServiceIMPL -- Book Naruto has been added to returnedList
13:28:14.980 [stratpoint.samuelnieva.Main.main()] DEBUG stratpoint.samuelnieva.ServiceLayer.IMPL.LibraryServiceIMPL -- Book Attack on Titan has been added to returnedList
13:28:14.980 [stratpoint.samuelnieva.Main.main()] DEBUG stratpoint.samuelnieva.ServiceLayer.IMPL.LibraryServiceIMPL -- Book Becoming has been added to returnedList
13:28:14.980 [stratpoint.samuelnieva.Main.main()] DEBUG stratpoint.samuelnieva.ServiceLayer.IMPL.LibraryServiceIMPL -- Book Leonardo da Vinci has been added to returnedList
13:28:14.980 [stratpoint.samuelnieva.Main.main()] DEBUG stratpoint.samuelnieva.ServiceLayer.IMPL.LibraryServiceIMPL -- Book 1984 has been added to returnedList
13:28:14.980 [stratpoint.samuelnieva.Main.main()] DEBUG stratpoint.samuelnieva.ServiceLayer.IMPL.LibraryServiceIMPL -- Book My Hero Academia has been added to returnedList
13:28:14.981 [stratpoint.samuelnieva.Main.main()] DEBUG stratpoint.samuelnieva.ServiceLayer.IMPL.LibraryServiceIMPL -- Book Tokyo Ghoul has been added to returnedList
13:28:14.981 [stratpoint.samuelnieva.Main.main()] DEBUG stratpoint.samuelnieva.ServiceLayer.IMPL.LibraryServiceIMPL -- Book Elon Musk: Tesla, SpaceX, and the Quest for a Fantastic Future has been added to returnedList
13:28:14.981 [stratpoint.samuelnieva.Main.main()] DEBUG stratpoint.samuelnieva.ServiceLayer.IMPL.LibraryServiceIMPL -- Book The Diary of a Young Girl has been added to returnedList
13:28:14.981 [stratpoint.samuelnieva.Main.main()] DEBUG stratpoint.samuelnieva.ServiceLayer.IMPL.LibraryServiceIMPL -- Book Pride and Prejudice has been added to returnedList
13:28:14.981 [stratpoint.samuelnieva.Main.main()] DEBUG stratpoint.samuelnieva.ServiceLayer.IMPL.LibraryServiceIMPL -- searchBooks has left the initial for loop with 15 books in returnedList
13:28:18.250 [stratpoint.samuelnieva.Main.main()] DEBUG stratpoint.samuelnieva.ServiceLayer.IMPL.LibraryServiceIMPL -- returnedList has been cleared.
13:28:18.251 [stratpoint.samuelnieva.Main.main()] DEBUG stratpoint.samuelnieva.ServiceLayer.IMPL.LibraryServiceIMPL -- Book One Piece has been added to returnedList
13:28:18.251 [stratpoint.samuelnieva.Main.main()] DEBUG stratpoint.samuelnieva.ServiceLayer.IMPL.LibraryServiceIMPL -- Book Death Note has been added to returnedList
13:28:18.251 [stratpoint.samuelnieva.Main.main()] DEBUG stratpoint.samuelnieva.ServiceLayer.IMPL.LibraryServiceIMPL -- Book Steve Jobs: A Biography (Greenwood Biographies) has been added to returnedList
13:28:18.251 [stratpoint.samuelnieva.Main.main()] DEBUG stratpoint.samuelnieva.ServiceLayer.IMPL.LibraryServiceIMPL -- Book Alexander Hamilton has been added to returnedList
13:28:18.251 [stratpoint.samuelnieva.Main.main()] DEBUG stratpoint.samuelnieva.ServiceLayer.IMPL.LibraryServiceIMPL -- Book Don Quixote has been added to returnedList
13:28:18.251 [stratpoint.samuelnieva.Main.main()] DEBUG stratpoint.samuelnieva.ServiceLayer.IMPL.LibraryServiceIMPL -- Book Naruto has been added to returnedList
13:28:18.251 [stratpoint.samuelnieva.Main.main()] DEBUG stratpoint.samuelnieva.ServiceLayer.IMPL.LibraryServiceIMPL -- Book Attack on Titan has been added to returnedList
13:28:18.252 [stratpoint.samuelnieva.Main.main()] DEBUG stratpoint.samuelnieva.ServiceLayer.IMPL.LibraryServiceIMPL -- Book Becoming has been added to returnedList
13:28:18.252 [stratpoint.samuelnieva.Main.main()] DEBUG stratpoint.samuelnieva.ServiceLayer.IMPL.LibraryServiceIMPL -- Book Leonardo da Vinci has been added to returnedList
13:28:18.252 [stratpoint.samuelnieva.Main.main()] DEBUG stratpoint.samuelnieva.ServiceLayer.IMPL.LibraryServiceIMPL -- Book 1984 has been added to returnedList
13:28:18.252 [stratpoint.samuelnieva.Main.main()] DEBUG stratpoint.samuelnieva.ServiceLayer.IMPL.LibraryServiceIMPL -- Book My Hero Academia has been added to returnedList
13:28:18.253 [stratpoint.samuelnieva.Main.main()] DEBUG stratpoint.samuelnieva.ServiceLayer.IMPL.LibraryServiceIMPL -- Book Tokyo Ghoul has been added to returnedList
13:28:18.253 [stratpoint.samuelnieva.Main.main()] DEBUG stratpoint.samuelnieva.ServiceLayer.IMPL.LibraryServiceIMPL -- Book Elon Musk: Tesla, SpaceX, and the Quest for a Fantastic Future has been added to returnedList
13:28:18.253 [stratpoint.samuelnieva.Main.main()] DEBUG stratpoint.samuelnieva.ServiceLayer.IMPL.LibraryServiceIMPL -- Book The Diary of a Young Girl has been added to returnedList
13:28:18.253 [stratpoint.samuelnieva.Main.main()] DEBUG stratpoint.samuelnieva.ServiceLayer.IMPL.LibraryServiceIMPL -- Book Pride and Prejudice has been added to returnedList
13:28:18.253 [stratpoint.samuelnieva.Main.main()] DEBUG stratpoint.samuelnieva.ServiceLayer.IMPL.LibraryServiceIMPL -- searchBooks has left the initial for loop with 15 books in returnedList
13:28:18.974 [stratpoint.samuelnieva.Main.main()] DEBUG stratpoint.samuelnieva.ServiceLayer.IMPL.LibraryServiceIMPL -- returnedList has been cleared.
13:28:18.974 [stratpoint.samuelnieva.Main.main()] DEBUG stratpoint.samuelnieva.ServiceLayer.IMPL.LibraryServiceIMPL -- Book One Piece has been added to returnedList
13:28:18.975 [stratpoint.samuelnieva.Main.main()] DEBUG stratpoint.samuelnieva.ServiceLayer.IMPL.LibraryServiceIMPL -- Book Death Note has been added to returnedList
13:28:18.975 [stratpoint.samuelnieva.Main.main()] DEBUG stratpoint.samuelnieva.ServiceLayer.IMPL.LibraryServiceIMPL -- Book Steve Jobs: A Biography (Greenwood Biographies) has been added to returnedList
13:28:18.975 [stratpoint.samuelnieva.Main.main()] DEBUG stratpoint.samuelnieva.ServiceLayer.IMPL.LibraryServiceIMPL -- Book Alexander Hamilton has been added to returnedList
13:28:18.975 [stratpoint.samuelnieva.Main.main()] DEBUG stratpoint.samuelnieva.ServiceLayer.IMPL.LibraryServiceIMPL -- Book Don Quixote has been added to returnedList
13:28:18.976 [stratpoint.samuelnieva.Main.main()] DEBUG stratpoint.samuelnieva.ServiceLayer.IMPL.LibraryServiceIMPL -- Book Naruto has been added to returnedList
13:28:18.976 [stratpoint.samuelnieva.Main.main()] DEBUG stratpoint.samuelnieva.ServiceLayer.IMPL.LibraryServiceIMPL -- Book Attack on Titan has been added to returnedList
13:28:18.976 [stratpoint.samuelnieva.Main.main()] DEBUG stratpoint.samuelnieva.ServiceLayer.IMPL.LibraryServiceIMPL -- Book Becoming has been added to returnedList
13:28:18.976 [stratpoint.samuelnieva.Main.main()] DEBUG stratpoint.samuelnieva.ServiceLayer.IMPL.LibraryServiceIMPL -- Book Leonardo da Vinci has been added to returnedList
13:28:18.976 [stratpoint.samuelnieva.Main.main()] DEBUG stratpoint.samuelnieva.ServiceLayer.IMPL.LibraryServiceIMPL -- Book 1984 has been added to returnedList
13:28:18.976 [stratpoint.samuelnieva.Main.main()] DEBUG stratpoint.samuelnieva.ServiceLayer.IMPL.LibraryServiceIMPL -- Book My Hero Academia has been added to returnedList
13:28:18.976 [stratpoint.samuelnieva.Main.main()] DEBUG stratpoint.samuelnieva.ServiceLayer.IMPL.LibraryServiceIMPL -- Book Tokyo Ghoul has been added to returnedList
13:28:18.976 [stratpoint.samuelnieva.Main.main()] DEBUG stratpoint.samuelnieva.ServiceLayer.IMPL.LibraryServiceIMPL -- Book Elon Musk: Tesla, SpaceX, and the Quest for a Fantastic Future has been added to returnedList
13:28:18.977 [stratpoint.samuelnieva.Main.main()] DEBUG stratpoint.samuelnieva.ServiceLayer.IMPL.LibraryServiceIMPL -- Book The Diary of a Young Girl has been added to returnedList
13:28:18.977 [stratpoint.samuelnieva.Main.main()] DEBUG stratpoint.samuelnieva.ServiceLayer.IMPL.LibraryServiceIMPL -- Book Pride and Prejudice has been added to returnedList
13:28:18.977 [stratpoint.samuelnieva.Main.main()] DEBUG stratpoint.samuelnieva.ServiceLayer.IMPL.LibraryServiceIMPL -- searchBooks has left the initial for loop with 15 books in returnedList
13:28:39.308 [main] DEBUG stratpoint.samuelnieva.ServiceLayer.IMPL.LibraryServiceIMPL -- Successfully removed book in index 0 from listBooks
13:28:50.548 [main] DEBUG stratpoint.samuelnieva.Main -- Start of main method:
13:28:54.252 [main] DEBUG stratpoint.samuelnieva.ServiceLayer.IMPL.LibraryServiceIMPL -- returnedList has been cleared.
13:28:54.254 [main] DEBUG stratpoint.samuelnieva.ServiceLayer.IMPL.LibraryServiceIMPL -- Book One Piece has been added to returnedList
13:28:54.256 [main] DEBUG stratpoint.samuelnieva.ServiceLayer.IMPL.LibraryServiceIMPL -- Book Death Note has been added to returnedList
13:28:54.256 [main] DEBUG stratpoint.samuelnieva.ServiceLayer.IMPL.LibraryServiceIMPL -- Book Steve Jobs: A Biography (Greenwood Biographies) has been added to returnedList
13:28:54.256 [main] DEBUG stratpoint.samuelnieva.ServiceLayer.IMPL.LibraryServiceIMPL -- Book Alexander Hamilton has been added to returnedList
13:28:54.256 [main] DEBUG stratpoint.samuelnieva.ServiceLayer.IMPL.LibraryServiceIMPL -- Book Don Quixote has been added to returnedList
13:28:54.256 [main] DEBUG stratpoint.samuelnieva.ServiceLayer.IMPL.LibraryServiceIMPL -- Book Naruto has been added to returnedList
13:28:54.256 [main] DEBUG stratpoint.samuelnieva.ServiceLayer.IMPL.LibraryServiceIMPL -- Book Attack on Titan has been added to returnedList
13:28:54.256 [main] DEBUG stratpoint.samuelnieva.ServiceLayer.IMPL.LibraryServiceIMPL -- Book Becoming has been added to returnedList
13:28:54.256 [main] DEBUG stratpoint.samuelnieva.ServiceLayer.IMPL.LibraryServiceIMPL -- Book Leonardo da Vinci has been added to returnedList
13:28:54.256 [main] DEBUG stratpoint.samuelnieva.ServiceLayer.IMPL.LibraryServiceIMPL -- Book 1984 has been added to returnedList
13:28:54.256 [main] DEBUG stratpoint.samuelnieva.ServiceLayer.IMPL.LibraryServiceIMPL -- Book My Hero Academia has been added to returnedList
13:28:54.256 [main] DEBUG stratpoint.samuelnieva.ServiceLayer.IMPL.LibraryServiceIMPL -- Book Tokyo Ghoul has been added to returnedList
13:28:54.257 [main] DEBUG stratpoint.samuelnieva.ServiceLayer.IMPL.LibraryServiceIMPL -- Book Elon Musk: Tesla, SpaceX, and the Quest for a Fantastic Future has been added to returnedList
13:28:54.257 [main] DEBUG stratpoint.samuelnieva.ServiceLayer.IMPL.LibraryServiceIMPL -- Book The Diary of a Young Girl has been added to returnedList
13:28:54.257 [main] DEBUG stratpoint.samuelnieva.ServiceLayer.IMPL.LibraryServiceIMPL -- Book Pride and Prejudice has been added to returnedList
13:28:54.257 [main] DEBUG stratpoint.samuelnieva.ServiceLayer.IMPL.LibraryServiceIMPL -- searchBooks has left the initial for loop with 15 books in returnedList
13:29:09.660 [main] DEBUG stratpoint.samuelnieva.Main -- Start of main method:
13:29:16.582 [main] DEBUG stratpoint.samuelnieva.ServiceLayer.IMPL.LibraryServiceIMPL -- returnedList has been cleared.
13:29:16.583 [main] DEBUG stratpoint.samuelnieva.ServiceLayer.IMPL.LibraryServiceIMPL -- Book One Piece has been added to returnedList
13:29:16.584 [main] DEBUG stratpoint.samuelnieva.ServiceLayer.IMPL.LibraryServiceIMPL -- Book Death Note has been added to returnedList
13:29:16.585 [main] DEBUG stratpoint.samuelnieva.ServiceLayer.IMPL.LibraryServiceIMPL -- Book Steve Jobs: A Biography (Greenwood Biographies) has been added to returnedList
13:29:16.585 [main] DEBUG stratpoint.samuelnieva.ServiceLayer.IMPL.LibraryServiceIMPL -- Book Alexander Hamilton has been added to returnedList
13:29:16.585 [main] DEBUG stratpoint.samuelnieva.ServiceLayer.IMPL.LibraryServiceIMPL -- Book Don Quixote has been added to returnedList
13:29:16.585 [main] DEBUG stratpoint.samuelnieva.ServiceLayer.IMPL.LibraryServiceIMPL -- Book Naruto has been added to returnedList
13:29:16.585 [main] DEBUG stratpoint.samuelnieva.ServiceLayer.IMPL.LibraryServiceIMPL -- Book Attack on Titan has been added to returnedList
13:29:16.585 [main] DEBUG stratpoint.samuelnieva.ServiceLayer.IMPL.LibraryServiceIMPL -- Book Becoming has been added to returnedList
13:29:16.585 [main] DEBUG stratpoint.samuelnieva.ServiceLayer.IMPL.LibraryServiceIMPL -- Book Leonardo da Vinci has been added to returnedList
13:29:16.585 [main] DEBUG stratpoint.samuelnieva.ServiceLayer.IMPL.LibraryServiceIMPL -- Book 1984 has been added to returnedList
13:29:16.585 [main] DEBUG stratpoint.samuelnieva.ServiceLayer.IMPL.LibraryServiceIMPL -- Book My Hero Academia has been added to returnedList
13:29:16.585 [main] DEBUG stratpoint.samuelnieva.ServiceLayer.IMPL.LibraryServiceIMPL -- Book Tokyo Ghoul has been added to returnedList
13:29:16.586 [main] DEBUG stratpoint.samuelnieva.ServiceLayer.IMPL.LibraryServiceIMPL -- Book Elon Musk: Tesla, SpaceX, and the Quest for a Fantastic Future has been added to returnedList
13:29:16.586 [main] DEBUG stratpoint.samuelnieva.ServiceLayer.IMPL.LibraryServiceIMPL -- Book The Diary of a Young Girl has been added to returnedList
13:29:16.586 [main] DEBUG stratpoint.samuelnieva.ServiceLayer.IMPL.LibraryServiceIMPL -- Book Pride and Prejudice has been added to returnedList
13:29:16.586 [main] DEBUG stratpoint.samuelnieva.ServiceLayer.IMPL.LibraryServiceIMPL -- searchBooks has left the initial for loop with 15 books in returnedList
13:29:53.560 [main] DEBUG stratpoint.samuelnieva.Main -- Start of main method:
13:29:59.652 [main] DEBUG stratpoint.samuelnieva.ServiceLayer.IMPL.LibraryServiceIMPL -- returnedList has been cleared.
13:29:59.652 [main] DEBUG stratpoint.samuelnieva.ServiceLayer.IMPL.LibraryServiceIMPL -- Book One Piece has been added to returnedList
13:29:59.654 [main] DEBUG stratpoint.samuelnieva.ServiceLayer.IMPL.LibraryServiceIMPL -- searchBooks has left the initial for loop with 1 books in returnedList
13:30:44.149 [main] DEBUG stratpoint.samuelnieva.Main -- Start of main method:
13:30:49.124 [main] DEBUG stratpoint.samuelnieva.ServiceLayer.IMPL.LibraryServiceIMPL -- searchBooks with parameter  has entered the initial for loop with 15 books in listBooks
13:30:49.126 [main] DEBUG stratpoint.samuelnieva.ServiceLayer.IMPL.LibraryServiceIMPL -- returnedList has been cleared.
13:30:49.127 [main] DEBUG stratpoint.samuelnieva.ServiceLayer.IMPL.LibraryServiceIMPL -- Book One Piece has been added to returnedList
13:30:49.127 [main] DEBUG stratpoint.samuelnieva.ServiceLayer.IMPL.LibraryServiceIMPL -- Book Death Note has been added to returnedList
13:30:49.127 [main] DEBUG stratpoint.samuelnieva.ServiceLayer.IMPL.LibraryServiceIMPL -- Book Steve Jobs: A Biography (Greenwood Biographies) has been added to returnedList
13:30:49.127 [main] DEBUG stratpoint.samuelnieva.ServiceLayer.IMPL.LibraryServiceIMPL -- Book Alexander Hamilton has been added to returnedList
13:30:49.127 [main] DEBUG stratpoint.samuelnieva.ServiceLayer.IMPL.LibraryServiceIMPL -- Book Don Quixote has been added to returnedList
13:30:49.127 [main] DEBUG stratpoint.samuelnieva.ServiceLayer.IMPL.LibraryServiceIMPL -- Book Naruto has been added to returnedList
13:30:49.127 [main] DEBUG stratpoint.samuelnieva.ServiceLayer.IMPL.LibraryServiceIMPL -- Book Attack on Titan has been added to returnedList
13:30:49.127 [main] DEBUG stratpoint.samuelnieva.ServiceLayer.IMPL.LibraryServiceIMPL -- Book Becoming has been added to returnedList
13:30:49.127 [main] DEBUG stratpoint.samuelnieva.ServiceLayer.IMPL.LibraryServiceIMPL -- Book Leonardo da Vinci has been added to returnedList
13:30:49.127 [main] DEBUG stratpoint.samuelnieva.ServiceLayer.IMPL.LibraryServiceIMPL -- Book 1984 has been added to returnedList
13:30:49.127 [main] DEBUG stratpoint.samuelnieva.ServiceLayer.IMPL.LibraryServiceIMPL -- Book My Hero Academia has been added to returnedList
13:30:49.127 [main] DEBUG stratpoint.samuelnieva.ServiceLayer.IMPL.LibraryServiceIMPL -- Book Tokyo Ghoul has been added to returnedList
13:30:49.127 [main] DEBUG stratpoint.samuelnieva.ServiceLayer.IMPL.LibraryServiceIMPL -- Book Elon Musk: Tesla, SpaceX, and the Quest for a Fantastic Future has been added to returnedList
13:30:49.128 [main] DEBUG stratpoint.samuelnieva.ServiceLayer.IMPL.LibraryServiceIMPL -- Book The Diary of a Young Girl has been added to returnedList
13:30:49.128 [main] DEBUG stratpoint.samuelnieva.ServiceLayer.IMPL.LibraryServiceIMPL -- Book Pride and Prejudice has been added to returnedList
13:30:49.128 [main] DEBUG stratpoint.samuelnieva.ServiceLayer.IMPL.LibraryServiceIMPL -- searchBooks has left the initial for loop with 15 books in returnedList
13:31:12.450 [main] DEBUG stratpoint.samuelnieva.Main -- Start of main method:
13:31:15.113 [main] DEBUG stratpoint.samuelnieva.ServiceLayer.IMPL.LibraryServiceIMPL -- searchBooks with parameter a has entered the initial for loop with 15 books in listBooks
13:31:15.116 [main] DEBUG stratpoint.samuelnieva.ServiceLayer.IMPL.LibraryServiceIMPL -- returnedList has been cleared.
13:31:15.116 [main] DEBUG stratpoint.samuelnieva.ServiceLayer.IMPL.LibraryServiceIMPL -- Book One Piece has been added to returnedList
13:31:15.117 [main] DEBUG stratpoint.samuelnieva.ServiceLayer.IMPL.LibraryServiceIMPL -- Book Death Note has been added to returnedList
13:31:15.117 [main] DEBUG stratpoint.samuelnieva.ServiceLayer.IMPL.LibraryServiceIMPL -- Book Steve Jobs: A Biography (Greenwood Biographies) has been added to returnedList
13:31:15.117 [main] DEBUG stratpoint.samuelnieva.ServiceLayer.IMPL.LibraryServiceIMPL -- Book Alexander Hamilton has been added to returnedList
13:31:15.117 [main] DEBUG stratpoint.samuelnieva.ServiceLayer.IMPL.LibraryServiceIMPL -- Book Don Quixote has been added to returnedList
13:31:15.117 [main] DEBUG stratpoint.samuelnieva.ServiceLayer.IMPL.LibraryServiceIMPL -- Book Naruto has been added to returnedList
13:31:15.117 [main] DEBUG stratpoint.samuelnieva.ServiceLayer.IMPL.LibraryServiceIMPL -- Book Attack on Titan has been added to returnedList
13:31:15.117 [main] DEBUG stratpoint.samuelnieva.ServiceLayer.IMPL.LibraryServiceIMPL -- Book Becoming has been added to returnedList
13:31:15.117 [main] DEBUG stratpoint.samuelnieva.ServiceLayer.IMPL.LibraryServiceIMPL -- Book Leonardo da Vinci has been added to returnedList
13:31:15.117 [main] DEBUG stratpoint.samuelnieva.ServiceLayer.IMPL.LibraryServiceIMPL -- Book 1984 has been added to returnedList
13:31:15.117 [main] DEBUG stratpoint.samuelnieva.ServiceLayer.IMPL.LibraryServiceIMPL -- Book My Hero Academia has been added to returnedList
13:31:15.117 [main] DEBUG stratpoint.samuelnieva.ServiceLayer.IMPL.LibraryServiceIMPL -- Book Tokyo Ghoul has been added to returnedList
13:31:15.117 [main] DEBUG stratpoint.samuelnieva.ServiceLayer.IMPL.LibraryServiceIMPL -- Book Elon Musk: Tesla, SpaceX, and the Quest for a Fantastic Future has been added to returnedList
13:31:15.117 [main] DEBUG stratpoint.samuelnieva.ServiceLayer.IMPL.LibraryServiceIMPL -- Book The Diary of a Young Girl has been added to returnedList
13:31:15.117 [main] DEBUG stratpoint.samuelnieva.ServiceLayer.IMPL.LibraryServiceIMPL -- Book Pride and Prejudice has been added to returnedList
13:31:15.118 [main] DEBUG stratpoint.samuelnieva.ServiceLayer.IMPL.LibraryServiceIMPL -- searchBooks has left the initial for loop with 15 books in returnedList
13:31:37.669 [main] DEBUG stratpoint.samuelnieva.Main -- Start of main method:
13:31:41.601 [main] DEBUG stratpoint.samuelnieva.ServiceLayer.IMPL.LibraryServiceIMPL -- searchBooks with parameter  has entered the initial for loop with 15 books in listBooks
13:31:41.603 [main] DEBUG stratpoint.samuelnieva.ServiceLayer.IMPL.LibraryServiceIMPL -- returnedList has been cleared.
13:31:41.603 [main] DEBUG stratpoint.samuelnieva.ServiceLayer.IMPL.LibraryServiceIMPL -- Book One Piece has been added to returnedList
13:31:41.603 [main] DEBUG stratpoint.samuelnieva.ServiceLayer.IMPL.LibraryServiceIMPL -- Book Death Note has been added to returnedList
13:31:41.603 [main] DEBUG stratpoint.samuelnieva.ServiceLayer.IMPL.LibraryServiceIMPL -- Book Steve Jobs: A Biography (Greenwood Biographies) has been added to returnedList
13:31:41.603 [main] DEBUG stratpoint.samuelnieva.ServiceLayer.IMPL.LibraryServiceIMPL -- Book Alexander Hamilton has been added to returnedList
13:31:41.603 [main] DEBUG stratpoint.samuelnieva.ServiceLayer.IMPL.LibraryServiceIMPL -- Book Don Quixote has been added to returnedList
13:31:41.603 [main] DEBUG stratpoint.samuelnieva.ServiceLayer.IMPL.LibraryServiceIMPL -- Book Naruto has been added to returnedList
13:31:41.604 [main] DEBUG stratpoint.samuelnieva.ServiceLayer.IMPL.LibraryServiceIMPL -- Book Attack on Titan has been added to returnedList
13:31:41.604 [main] DEBUG stratpoint.samuelnieva.ServiceLayer.IMPL.LibraryServiceIMPL -- Book Becoming has been added to returnedList
13:31:41.604 [main] DEBUG stratpoint.samuelnieva.ServiceLayer.IMPL.LibraryServiceIMPL -- Book Leonardo da Vinci has been added to returnedList
13:31:41.604 [main] DEBUG stratpoint.samuelnieva.ServiceLayer.IMPL.LibraryServiceIMPL -- Book 1984 has been added to returnedList
13:31:41.604 [main] DEBUG stratpoint.samuelnieva.ServiceLayer.IMPL.LibraryServiceIMPL -- Book My Hero Academia has been added to returnedList
13:31:41.604 [main] DEBUG stratpoint.samuelnieva.ServiceLayer.IMPL.LibraryServiceIMPL -- Book Tokyo Ghoul has been added to returnedList
13:31:41.604 [main] DEBUG stratpoint.samuelnieva.ServiceLayer.IMPL.LibraryServiceIMPL -- Book Elon Musk: Tesla, SpaceX, and the Quest for a Fantastic Future has been added to returnedList
13:31:41.604 [main] DEBUG stratpoint.samuelnieva.ServiceLayer.IMPL.LibraryServiceIMPL -- Book The Diary of a Young Girl has been added to returnedList
13:31:41.604 [main] DEBUG stratpoint.samuelnieva.ServiceLayer.IMPL.LibraryServiceIMPL -- Book Pride and Prejudice has been added to returnedList
13:31:41.604 [main] DEBUG stratpoint.samuelnieva.ServiceLayer.IMPL.LibraryServiceIMPL -- searchBooks has left the initial for loop with 15 books in returnedList
13:32:03.591 [main] DEBUG stratpoint.samuelnieva.Main -- Start of main method:
13:32:07.531 [main] DEBUG stratpoint.samuelnieva.ServiceLayer.IMPL.LibraryServiceIMPL -- searchBooks with parameter  has entered the initial for loop with 15 books in listBooks
13:32:07.533 [main] DEBUG stratpoint.samuelnieva.ServiceLayer.IMPL.LibraryServiceIMPL -- returnedList has been cleared.
13:32:07.533 [main] DEBUG stratpoint.samuelnieva.ServiceLayer.IMPL.LibraryServiceIMPL -- Book One Piece has been added to returnedList
13:32:07.533 [main] DEBUG stratpoint.samuelnieva.ServiceLayer.IMPL.LibraryServiceIMPL -- Book Death Note has been added to returnedList
13:32:07.533 [main] DEBUG stratpoint.samuelnieva.ServiceLayer.IMPL.LibraryServiceIMPL -- Book Steve Jobs: A Biography (Greenwood Biographies) has been added to returnedList
13:32:07.533 [main] DEBUG stratpoint.samuelnieva.ServiceLayer.IMPL.LibraryServiceIMPL -- Book Alexander Hamilton has been added to returnedList
13:32:07.533 [main] DEBUG stratpoint.samuelnieva.ServiceLayer.IMPL.LibraryServiceIMPL -- Book Don Quixote has been added to returnedList
13:32:07.534 [main] DEBUG stratpoint.samuelnieva.ServiceLayer.IMPL.LibraryServiceIMPL -- Book Naruto has been added to returnedList
13:32:07.534 [main] DEBUG stratpoint.samuelnieva.ServiceLayer.IMPL.LibraryServiceIMPL -- Book Attack on Titan has been added to returnedList
13:32:07.534 [main] DEBUG stratpoint.samuelnieva.ServiceLayer.IMPL.LibraryServiceIMPL -- Book Becoming has been added to returnedList
13:32:07.534 [main] DEBUG stratpoint.samuelnieva.ServiceLayer.IMPL.LibraryServiceIMPL -- Book Leonardo da Vinci has been added to returnedList
13:32:07.534 [main] DEBUG stratpoint.samuelnieva.ServiceLayer.IMPL.LibraryServiceIMPL -- Book 1984 has been added to returnedList
13:32:07.534 [main] DEBUG stratpoint.samuelnieva.ServiceLayer.IMPL.LibraryServiceIMPL -- Book My Hero Academia has been added to returnedList
13:32:07.534 [main] DEBUG stratpoint.samuelnieva.ServiceLayer.IMPL.LibraryServiceIMPL -- Book Tokyo Ghoul has been added to returnedList
13:32:07.534 [main] DEBUG stratpoint.samuelnieva.ServiceLayer.IMPL.LibraryServiceIMPL -- Book Elon Musk: Tesla, SpaceX, and the Quest for a Fantastic Future has been added to returnedList
13:32:07.534 [main] DEBUG stratpoint.samuelnieva.ServiceLayer.IMPL.LibraryServiceIMPL -- Book The Diary of a Young Girl has been added to returnedList
13:32:07.534 [main] DEBUG stratpoint.samuelnieva.ServiceLayer.IMPL.LibraryServiceIMPL -- Book Pride and Prejudice has been added to returnedList
13:32:07.535 [main] DEBUG stratpoint.samuelnieva.ServiceLayer.IMPL.LibraryServiceIMPL -- searchBooks has left the initial for loop with 15 books in returnedList
13:32:52.656 [main] DEBUG stratpoint.samuelnieva.Main -- Start of main method:
13:32:55.835 [main] DEBUG stratpoint.samuelnieva.ServiceLayer.IMPL.LibraryServiceIMPL -- searchBooks with parameter  has entered the initial for loop with 15 books in listBooks
13:32:55.837 [main] DEBUG stratpoint.samuelnieva.ServiceLayer.IMPL.LibraryServiceIMPL -- returnedList has been cleared.
13:32:55.838 [main] DEBUG stratpoint.samuelnieva.ServiceLayer.IMPL.LibraryServiceIMPL -- Book One Piece has been added to returnedList
13:32:55.838 [main] DEBUG stratpoint.samuelnieva.ServiceLayer.IMPL.LibraryServiceIMPL -- Book Death Note has been added to returnedList
13:32:55.838 [main] DEBUG stratpoint.samuelnieva.ServiceLayer.IMPL.LibraryServiceIMPL -- Book Steve Jobs: A Biography (Greenwood Biographies) has been added to returnedList
13:32:55.838 [main] DEBUG stratpoint.samuelnieva.ServiceLayer.IMPL.LibraryServiceIMPL -- Book Alexander Hamilton has been added to returnedList
13:32:55.838 [main] DEBUG stratpoint.samuelnieva.ServiceLayer.IMPL.LibraryServiceIMPL -- Book Don Quixote has been added to returnedList
13:32:55.838 [main] DEBUG stratpoint.samuelnieva.ServiceLayer.IMPL.LibraryServiceIMPL -- Book Naruto has been added to returnedList
13:32:55.838 [main] DEBUG stratpoint.samuelnieva.ServiceLayer.IMPL.LibraryServiceIMPL -- Book Attack on Titan has been added to returnedList
13:32:55.838 [main] DEBUG stratpoint.samuelnieva.ServiceLayer.IMPL.LibraryServiceIMPL -- Book Becoming has been added to returnedList
13:32:55.838 [main] DEBUG stratpoint.samuelnieva.ServiceLayer.IMPL.LibraryServiceIMPL -- Book Leonardo da Vinci has been added to returnedList
13:32:55.838 [main] DEBUG stratpoint.samuelnieva.ServiceLayer.IMPL.LibraryServiceIMPL -- Book 1984 has been added to returnedList
13:32:55.839 [main] DEBUG stratpoint.samuelnieva.ServiceLayer.IMPL.LibraryServiceIMPL -- Book My Hero Academia has been added to returnedList
13:32:55.839 [main] DEBUG stratpoint.samuelnieva.ServiceLayer.IMPL.LibraryServiceIMPL -- Book Tokyo Ghoul has been added to returnedList
13:32:55.839 [main] DEBUG stratpoint.samuelnieva.ServiceLayer.IMPL.LibraryServiceIMPL -- Book Elon Musk: Tesla, SpaceX, and the Quest for a Fantastic Future has been added to returnedList
13:32:55.839 [main] DEBUG stratpoint.samuelnieva.ServiceLayer.IMPL.LibraryServiceIMPL -- Book The Diary of a Young Girl has been added to returnedList
13:32:55.839 [main] DEBUG stratpoint.samuelnieva.ServiceLayer.IMPL.LibraryServiceIMPL -- Book Pride and Prejudice has been added to returnedList
13:32:55.839 [main] DEBUG stratpoint.samuelnieva.ServiceLayer.IMPL.LibraryServiceIMPL -- searchBooks has left the initial for loop with 15 books in returnedList
13:33:09.917 [main] DEBUG stratpoint.samuelnieva.Main -- Start of main method:
13:33:11.996 [main] DEBUG stratpoint.samuelnieva.ServiceLayer.IMPL.LibraryServiceIMPL -- searchBooks with parameter One has entered the initial for loop with 15 books in listBooks
13:33:11.999 [main] DEBUG stratpoint.samuelnieva.ServiceLayer.IMPL.LibraryServiceIMPL -- returnedList has been cleared.
13:33:11.999 [main] DEBUG stratpoint.samuelnieva.ServiceLayer.IMPL.LibraryServiceIMPL -- Book One Piece has been added to returnedList
13:33:12.000 [main] DEBUG stratpoint.samuelnieva.ServiceLayer.IMPL.LibraryServiceIMPL -- searchBooks has left the initial for loop with 1 books in returnedList
13:33:20.752 [main] DEBUG stratpoint.samuelnieva.ServiceLayer.IMPL.LibraryServiceIMPL -- searchBooks with parameter One has entered the initial for loop with 15 books in listBooks
13:33:20.752 [main] DEBUG stratpoint.samuelnieva.ServiceLayer.IMPL.LibraryServiceIMPL -- returnedList has been cleared.
13:33:20.752 [main] DEBUG stratpoint.samuelnieva.ServiceLayer.IMPL.LibraryServiceIMPL -- Book One Piece has been added to returnedList
13:33:20.752 [main] DEBUG stratpoint.samuelnieva.ServiceLayer.IMPL.LibraryServiceIMPL -- searchBooks has left the initial for loop with 1 books in returnedList
13:33:25.410 [main] DEBUG stratpoint.samuelnieva.ServiceLayer.IMPL.LibraryServiceIMPL -- searchBooks with parameter Death has entered the initial for loop with 15 books in listBooks
13:33:25.411 [main] DEBUG stratpoint.samuelnieva.ServiceLayer.IMPL.LibraryServiceIMPL -- returnedList has been cleared.
13:33:25.411 [main] DEBUG stratpoint.samuelnieva.ServiceLayer.IMPL.LibraryServiceIMPL -- Book Death Note has been added to returnedList
13:33:25.411 [main] DEBUG stratpoint.samuelnieva.ServiceLayer.IMPL.LibraryServiceIMPL -- searchBooks has left the initial for loop with 1 books in returnedList
13:33:30.165 [main] DEBUG stratpoint.samuelnieva.ServiceLayer.IMPL.LibraryServiceIMPL -- searchBooks with parameter Steve has entered the initial for loop with 15 books in listBooks
13:33:30.165 [main] DEBUG stratpoint.samuelnieva.ServiceLayer.IMPL.LibraryServiceIMPL -- returnedList has been cleared.
13:33:30.165 [main] DEBUG stratpoint.samuelnieva.ServiceLayer.IMPL.LibraryServiceIMPL -- Book Steve Jobs: A Biography (Greenwood Biographies) has been added to returnedList
13:33:30.166 [main] DEBUG stratpoint.samuelnieva.ServiceLayer.IMPL.LibraryServiceIMPL -- searchBooks has left the initial for loop with 1 books in returnedList
13:33:47.468 [main] DEBUG stratpoint.samuelnieva.Main -- Start of main method:
13:33:50.335 [main] DEBUG stratpoint.samuelnieva.ServiceLayer.IMPL.LibraryServiceIMPL -- searchBooks with parameter Steve has entered the initial for loop with 15 books in listBooks
13:33:50.337 [main] DEBUG stratpoint.samuelnieva.ServiceLayer.IMPL.LibraryServiceIMPL -- returnedList has been cleared.
13:33:50.337 [main] DEBUG stratpoint.samuelnieva.ServiceLayer.IMPL.LibraryServiceIMPL -- Book Steve Jobs: A Biography (Greenwood Biographies) has been added to returnedList
13:33:50.338 [main] DEBUG stratpoint.samuelnieva.ServiceLayer.IMPL.LibraryServiceIMPL -- searchBooks has left the initial for loop with 1 books in returnedList
13:34:37.197 [stratpoint.samuelnieva.Main.main()] DEBUG stratpoint.samuelnieva.Main -- Start of main method:
13:34:39.391 [stratpoint.samuelnieva.Main.main()] DEBUG stratpoint.samuelnieva.ServiceLayer.IMPL.LibraryServiceIMPL -- searchBooks with parameter One has entered the initial for loop with 15 books in listBooks
13:34:39.393 [stratpoint.samuelnieva.Main.main()] DEBUG stratpoint.samuelnieva.ServiceLayer.IMPL.LibraryServiceIMPL -- returnedList has been cleared.
13:34:39.393 [stratpoint.samuelnieva.Main.main()] DEBUG stratpoint.samuelnieva.ServiceLayer.IMPL.LibraryServiceIMPL -- Book One Piece has been added to returnedList
13:34:39.393 [stratpoint.samuelnieva.Main.main()] DEBUG stratpoint.samuelnieva.ServiceLayer.IMPL.LibraryServiceIMPL -- searchBooks has left the initial for loop with 1 books in returnedList
13:35:01.663 [stratpoint.samuelnieva.Main.main()] DEBUG stratpoint.samuelnieva.ServiceLayer.IMPL.LibraryServiceIMPL -- searchBooks with parameter Steve has entered the initial for loop with 15 books in listBooks
13:35:01.663 [stratpoint.samuelnieva.Main.main()] DEBUG stratpoint.samuelnieva.ServiceLayer.IMPL.LibraryServiceIMPL -- returnedList has been cleared.
13:35:01.663 [stratpoint.samuelnieva.Main.main()] DEBUG stratpoint.samuelnieva.ServiceLayer.IMPL.LibraryServiceIMPL -- Book Steve Jobs: A Biography (Greenwood Biographies) has been added to returnedList
13:35:01.663 [stratpoint.samuelnieva.Main.main()] DEBUG stratpoint.samuelnieva.ServiceLayer.IMPL.LibraryServiceIMPL -- searchBooks has left the initial for loop with 1 books in returnedList
13:45:21.508 [main] DEBUG stratpoint.samuelnieva.ServiceLayer.IMPL.LibraryServiceIMPL -- Successfully removed book in index 0 from listBooks
13:45:58.392 [stratpoint.samuelnieva.Main.main()] DEBUG stratpoint.samuelnieva.Main -- Start of main method:
13:46:13.576 [stratpoint.samuelnieva.Main.main()] DEBUG stratpoint.samuelnieva.ServiceLayer.IMPL.LibraryServiceIMPL -- searchBooks with parameter One has entered the initial for loop with 15 books in listBooks
13:46:13.577 [stratpoint.samuelnieva.Main.main()] DEBUG stratpoint.samuelnieva.ServiceLayer.IMPL.LibraryServiceIMPL -- returnedList has been cleared.
13:46:13.578 [stratpoint.samuelnieva.Main.main()] DEBUG stratpoint.samuelnieva.ServiceLayer.IMPL.LibraryServiceIMPL -- Book One Piece has been added to returnedList
13:46:13.578 [stratpoint.samuelnieva.Main.main()] DEBUG stratpoint.samuelnieva.ServiceLayer.IMPL.LibraryServiceIMPL -- searchBooks has left the initial for loop with 1 books in returnedList
13:47:01.690 [stratpoint.samuelnieva.Main.main()] DEBUG stratpoint.samuelnieva.ServiceLayer.IMPL.LibraryServiceIMPL -- searchBooks with parameter Steve has entered the initial for loop with 15 books in listBooks
13:47:01.690 [stratpoint.samuelnieva.Main.main()] DEBUG stratpoint.samuelnieva.ServiceLayer.IMPL.LibraryServiceIMPL -- returnedList has been cleared.
13:47:01.690 [stratpoint.samuelnieva.Main.main()] DEBUG stratpoint.samuelnieva.ServiceLayer.IMPL.LibraryServiceIMPL -- Book Steve Jobs: A Biography (Greenwood Biographies) has been added to returnedList
13:47:01.691 [stratpoint.samuelnieva.Main.main()] DEBUG stratpoint.samuelnieva.ServiceLayer.IMPL.LibraryServiceIMPL -- searchBooks has left the initial for loop with 1 books in returnedList
11:59:05.773 [main] DEBUG stratpoint.samuelnieva.Main -- Start of main method:
11:59:21.989 [main] DEBUG stratpoint.samuelnieva.ServiceLayer.IMPL.LibraryServiceIMPL -- Successfully removed book in index 0 from listBooks
12:15:32.749 [main] TRACE o.s.c.s.ClassPathXmlApplicationContext -- Refreshing org.springframework.context.support.ClassPathXmlApplicationContext@5906ebcb, started on Thu Jun 27 12:15:32 PST 2024
12:15:32.779 [main] TRACE o.s.b.f.xml.XmlBeanDefinitionReader -- Loading XML bean definitions from class path resource [spring.xml]
12:15:32.787 [main] TRACE o.s.b.f.xml.DefaultDocumentLoader -- Using JAXP provider [com.sun.org.apache.xerces.internal.jaxp.DocumentBuilderFactoryImpl]
12:15:47.343 [main] TRACE o.s.c.s.ClassPathXmlApplicationContext -- Refreshing org.springframework.context.support.ClassPathXmlApplicationContext@5906ebcb, started on Thu Jun 27 12:15:47 PST 2024
12:15:47.370 [main] TRACE o.s.b.f.xml.XmlBeanDefinitionReader -- Loading XML bean definitions from class path resource [spring.xml]
12:15:47.373 [main] TRACE o.s.b.f.xml.DefaultDocumentLoader -- Using JAXP provider [com.sun.org.apache.xerces.internal.jaxp.DocumentBuilderFactoryImpl]
12:16:35.016 [main] TRACE o.s.c.s.ClassPathXmlApplicationContext -- Refreshing org.springframework.context.support.ClassPathXmlApplicationContext@5906ebcb, started on Thu Jun 27 12:16:35 PST 2024
12:16:35.045 [main] TRACE o.s.b.f.xml.XmlBeanDefinitionReader -- Loading XML bean definitions from class path resource [spring.xml]
12:16:35.049 [main] TRACE o.s.b.f.xml.DefaultDocumentLoader -- Using JAXP provider [com.sun.org.apache.xerces.internal.jaxp.DocumentBuilderFactoryImpl]
12:16:35.069 [main] TRACE o.s.b.f.xml.PluggableSchemaResolver -- Trying to resolve XML entity with public id [null] and system id [http://www.springframework.org/schema/beans/spring-beans.xsd]
12:16:35.069 [main] TRACE o.s.b.f.xml.PluggableSchemaResolver -- Loading schema mappings from [META-INF/spring.schemas]
12:16:35.073 [main] TRACE o.s.b.f.xml.PluggableSchemaResolver -- Loaded schema mappings: {http://www.springframework.org/schema/context/spring-context-3.2.xsd=org/springframework/context/config/spring-context.xsd, https://www.springframework.org/schema/aop/spring-aop-4.3.xsd=org/springframework/aop/config/spring-aop.xsd, http://www.springframework.org/schema/cache/spring-cache-4.3.xsd=org/springframework/cache/config/spring-cache.xsd, http://www.springframework.org/schema/beans/spring-beans-4.0.xsd=org/springframework/beans/factory/xml/spring-beans.xsd, http://www.springframework.org/schema/context/spring-context-2.5.xsd=org/springframework/context/config/spring-context.xsd, https://www.springframework.org/schema/tool/spring-tool-4.0.xsd=org/springframework/beans/factory/xml/spring-tool.xsd, https://www.springframework.org/schema/beans/spring-beans.xsd=org/springframework/beans/factory/xml/spring-beans.xsd, https://www.springframework.org/schema/jee/spring-jee-4.3.xsd=org/springframework/ejb/config/spring-jee.xsd, http://www.springframework.org/schema/tool/spring-tool-4.3.xsd=org/springframework/beans/factory/xml/spring-tool.xsd, https://www.springframework.org/schema/util/spring-util-3.2.xsd=org/springframework/beans/factory/xml/spring-util.xsd, https://www.springframework.org/schema/util/spring-util-2.5.xsd=org/springframework/beans/factory/xml/spring-util.xsd, http://www.springframework.org/schema/tool/spring-tool-2.0.xsd=org/springframework/beans/factory/xml/spring-tool.xsd, https://www.springframework.org/schema/lang/spring-lang-4.1.xsd=org/springframework/scripting/config/spring-lang.xsd, https://www.springframework.org/schema/context/spring-context-4.0.xsd=org/springframework/context/config/spring-context.xsd, https://www.springframework.org/schema/beans/spring-beans-4.2.xsd=org/springframework/beans/factory/xml/spring-beans.xsd, http://www.springframework.org/schema/util/spring-util-4.2.xsd=org/springframework/beans/factory/xml/spring-util.xsd, https://www.springframework.org/schema/beans/spring-beans-4.0.xsd=org/springframework/beans/factory/xml/spring-beans.xsd, http://www.springframework.org/schema/beans/spring-beans-4.2.xsd=org/springframework/beans/factory/xml/spring-beans.xsd, https://www.springframework.org/schema/util/spring-util-4.3.xsd=org/springframework/beans/factory/xml/spring-util.xsd, http://www.springframework.org/schema/cache/spring-cache-4.1.xsd=org/springframework/cache/config/spring-cache.xsd, https://www.springframework.org/schema/lang/spring-lang-2.5.xsd=org/springframework/scripting/config/spring-lang.xsd, http://www.springframework.org/schema/lang/spring-lang-3.0.xsd=org/springframework/scripting/config/spring-lang.xsd, http://www.springframework.org/schema/tool/spring-tool-4.1.xsd=org/springframework/beans/factory/xml/spring-tool.xsd, http://www.springframework.org/schema/task/spring-task-4.3.xsd=org/springframework/scheduling/config/spring-task.xsd, https://www.springframework.org/schema/tool/spring-tool-4.2.xsd=org/springframework/beans/factory/xml/spring-tool.xsd, https://www.springframework.org/schema/jee/spring-jee-2.0.xsd=org/springframework/ejb/config/spring-jee.xsd, https://www.springframework.org/schema/task/spring-task-4.2.xsd=org/springframework/scheduling/config/spring-task.xsd, https://www.springframework.org/schema/aop/spring-aop-2.0.xsd=org/springframework/aop/config/spring-aop.xsd, http://www.springframework.org/schema/util/spring-util-4.0.xsd=org/springframework/beans/factory/xml/spring-util.xsd, http://www.springframework.org/schema/lang/spring-lang.xsd=org/springframework/scripting/config/spring-lang.xsd, http://www.springframework.org/schema/context/spring-context-4.1.xsd=org/springframework/context/config/spring-context.xsd, http://www.springframework.org/schema/aop/spring-aop-4.2.xsd=org/springframework/aop/config/spring-aop.xsd, http://www.springframework.org/schema/jee/spring-jee-4.2.xsd=org/springframework/ejb/config/spring-jee.xsd, https://www.springframework.org/schema/cache/spring-cache-3.1.xsd=org/springframework/cache/config/spring-cache.xsd, https://www.springframework.org/schema/util/spring-util-4.1.xsd=org/springframework/beans/factory/xml/spring-util.xsd, https://www.springframework.org/schema/context/spring-context.xsd=org/springframework/context/config/spring-context.xsd, https://www.springframework.org/schema/lang/spring-lang-3.2.xsd=org/springframework/scripting/config/spring-lang.xsd, https://www.springframework.org/schema/context/spring-context-3.1.xsd=org/springframework/context/config/spring-context.xsd, https://www.springframework.org/schema/aop/spring-aop.xsd=org/springframework/aop/config/spring-aop.xsd, https://www.springframework.org/schema/lang/spring-lang-3.0.xsd=org/springframework/scripting/config/spring-lang.xsd, https://www.springframework.org/schema/cache/spring-cache-4.1.xsd=org/springframework/cache/config/spring-cache.xsd, https://www.springframework.org/schema/util/spring-util.xsd=org/springframework/beans/factory/xml/spring-util.xsd, https://www.springframework.org/schema/task/spring-task-3.2.xsd=org/springframework/scheduling/config/spring-task.xsd, http://www.springframework.org/schema/tool/spring-tool-3.1.xsd=org/springframework/beans/factory/xml/spring-tool.xsd, http://www.springframework.org/schema/jee/spring-jee-4.1.xsd=org/springframework/ejb/config/spring-jee.xsd, https://www.springframework.org/schema/context/spring-context-3.0.xsd=org/springframework/context/config/spring-context.xsd, http://www.springframework.org/schema/aop/spring-aop-4.1.xsd=org/springframework/aop/config/spring-aop.xsd, https://www.springframework.org/schema/task/spring-task-3.0.xsd=org/springframework/scheduling/config/spring-task.xsd, http://www.springframework.org/schema/util/spring-util.xsd=org/springframework/beans/factory/xml/spring-util.xsd, https://www.springframework.org/schema/aop/spring-aop-3.0.xsd=org/springframework/aop/config/spring-aop.xsd, https://www.springframework.org/schema/jee/spring-jee-3.0.xsd=org/springframework/ejb/config/spring-jee.xsd, http://www.springframework.org/schema/lang/spring-lang-4.1.xsd=org/springframework/scripting/config/spring-lang.xsd, http://www.springframework.org/schema/context/spring-context-4.3.xsd=org/springframework/context/config/spring-context.xsd, http://www.springframework.org/schema/lang/spring-lang-2.5.xsd=org/springframework/scripting/config/spring-lang.xsd, http://www.springframework.org/schema/jee/spring-jee.xsd=org/springframework/ejb/config/spring-jee.xsd, http://www.springframework.org/schema/util/spring-util-3.1.xsd=org/springframework/beans/factory/xml/spring-util.xsd, https://www.springframework.org/schema/beans/spring-beans-3.0.xsd=org/springframework/beans/factory/xml/spring-beans.xsd, http://www.springframework.org/schema/jee/spring-jee-2.5.xsd=org/springframework/ejb/config/spring-jee.xsd, http://www.springframework.org/schema/task/spring-task-4.0.xsd=org/springframework/scheduling/config/spring-task.xsd, http://www.springframework.org/schema/aop/spring-aop-2.5.xsd=org/springframework/aop/config/spring-aop.xsd, http://www.springframework.org/schema/cache/spring-cache-3.1.xsd=org/springframework/cache/config/spring-cache.xsd, http://www.springframework.org/schema/tool/spring-tool-2.5.xsd=org/springframework/beans/factory/xml/spring-tool.xsd, http://www.springframework.org/schema/task/spring-task-3.2.xsd=org/springframework/scheduling/config/spring-task.xsd, https://www.springframework.org/schema/lang/spring-lang-2.0.xsd=org/springframework/scripting/config/spring-lang.xsd, https://www.springframework.org/schema/util/spring-util-3.1.xsd=org/springframework/beans/factory/xml/spring-util.xsd, http://www.springframework.org/schema/aop/spring-aop-3.1.xsd=org/springframework/aop/config/spring-aop.xsd, http://www.springframework.org/schema/lang/spring-lang-4.3.xsd=org/springframework/scripting/config/spring-lang.xsd, http://www.springframework.org/schema/jee/spring-jee-3.1.xsd=org/springframework/ejb/config/spring-jee.xsd, https://www.springframework.org/schema/task/spring-task-4.0.xsd=org/springframework/scheduling/config/spring-task.xsd, http://www.springframework.org/schema/beans/spring-beans-3.1.xsd=org/springframework/beans/factory/xml/spring-beans.xsd, https://www.springframework.org/schema/tool/spring-tool-3.1.xsd=org/springframework/beans/factory/xml/spring-tool.xsd, http://www.springframework.org/schema/lang/spring-lang-2.0.xsd=org/springframework/scripting/config/spring-lang.xsd, https://www.springframework.org/schema/beans/spring-beans-2.0.xsd=org/springframework/beans/factory/xml/spring-beans.xsd, https://www.springframework.org/schema/aop/spring-aop-3.2.xsd=org/springframework/aop/config/spring-aop.xsd, https://www.springframework.org/schema/jee/spring-jee-3.2.xsd=org/springframework/ejb/config/spring-jee.xsd, https://www.springframework.org/schema/lang/spring-lang-4.3.xsd=org/springframework/scripting/config/spring-lang.xsd, https://www.springframework.org/schema/context/spring-context-4.3.xsd=org/springframework/context/config/spring-context.xsd, http://www.springframework.org/schema/task/spring-task-3.0.xsd=org/springframework/scheduling/config/spring-task.xsd, https://www.springframework.org/schema/cache/spring-cache-4.3.xsd=org/springframework/cache/config/spring-cache.xsd, http://www.springframework.org/schema/context/spring-context-3.0.xsd=org/springframework/context/config/spring-context.xsd, http://www.springframework.org/schema/cache/spring-cache.xsd=org/springframework/cache/config/spring-cache.xsd, https://www.springframework.org/schema/jee/spring-jee-4.0.xsd=org/springframework/ejb/config/spring-jee.xsd, https://www.springframework.org/schema/aop/spring-aop-4.0.xsd=org/springframework/aop/config/spring-aop.xsd, https://www.springframework.org/schema/tool/spring-tool-3.2.xsd=org/springframework/beans/factory/xml/spring-tool.xsd, https://www.springframework.org/schema/lang/spring-lang-4.2.xsd=org/springframework/scripting/config/spring-lang.xsd, https://www.springframework.org/schema/context/spring-context-4.1.xsd=org/springframework/context/config/spring-context.xsd, http://www.springframework.org/schema/context/spring-context-4.0.xsd=org/springframework/context/config/spring-context.xsd, http://www.springframework.org/schema/util/spring-util-4.3.xsd=org/springframework/beans/factory/xml/spring-util.xsd, http://www.springframework.org/schema/jee/spring-jee-2.0.xsd=org/springframework/ejb/config/spring-jee.xsd, http://www.springframework.org/schema/aop/spring-aop-2.0.xsd=org/springframework/aop/config/spring-aop.xsd, https://www.springframework.org/schema/beans/spring-beans-4.3.xsd=org/springframework/beans/factory/xml/spring-beans.xsd, https://www.springframework.org/schema/util/spring-util-4.0.xsd=org/springframework/beans/factory/xml/spring-util.xsd, http://www.springframework.org/schema/util/spring-util-2.0.xsd=org/springframework/beans/factory/xml/spring-util.xsd, https://www.springframework.org/schema/tool/spring-tool-2.5.xsd=org/springframework/beans/factory/xml/spring-tool.xsd, http://www.springframework.org/schema/cache/spring-cache-4.2.xsd=org/springframework/cache/config/spring-cache.xsd, https://www.springframework.org/schema/cache/spring-cache.xsd=org/springframework/cache/config/spring-cache.xsd, http://www.springframework.org/schema/context/spring-context-3.1.xsd=org/springframework/context/config/spring-context.xsd, http://www.springframework.org/schema/tool/spring-tool.xsd=org/springframework/beans/factory/xml/spring-tool.xsd, https://www.springframework.org/schema/tool/spring-tool.xsd=org/springframework/beans/factory/xml/spring-tool.xsd, http://www.springframework.org/schema/beans/spring-beans-3.2.xsd=org/springframework/beans/factory/xml/spring-beans.xsd, https://www.springframework.org/schema/aop/spring-aop-4.2.xsd=org/springframework/aop/config/spring-aop.xsd, http://www.springframework.org/schema/beans/spring-beans-2.5.xsd=org/springframework/beans/factory/xml/spring-beans.xsd, https://www.springframework.org/schema/tool/spring-tool-4.1.xsd=org/springframework/beans/factory/xml/spring-tool.xsd, https://www.springframework.org/schema/jee/spring-jee-4.2.xsd=org/springframework/ejb/config/spring-jee.xsd, https://www.springframework.org/schema/task/spring-task-4.1.xsd=org/springframework/scheduling/config/spring-task.xsd, http://www.springframework.org/schema/beans/spring-beans.xsd=org/springframework/beans/factory/xml/spring-beans.xsd, http://www.springframework.org/schema/tool/spring-tool-4.0.xsd=org/springframework/beans/factory/xml/spring-tool.xsd, http://www.springframework.org/schema/util/spring-util-4.1.xsd=org/springframework/beans/factory/xml/spring-util.xsd, http://www.springframework.org/schema/context/spring-context-4.2.xsd=org/springframework/context/config/spring-context.xsd, https://www.springframework.org/schema/lang/spring-lang-4.0.xsd=org/springframework/scripting/config/spring-lang.xsd, https://www.springframework.org/schema/context/spring-context-2.5.xsd=org/springframework/context/config/spring-context.xsd, http://www.springframework.org/schema/jee/spring-jee-4.3.xsd=org/springframework/ejb/config/spring-jee.xsd, https://www.springframework.org/schema/util/spring-util-4.2.xsd=org/springframework/beans/factory/xml/spring-util.xsd, http://www.springframework.org/schema/aop/spring-aop-4.3.xsd=org/springframework/aop/config/spring-aop.xsd, https://www.springframework.org/schema/beans/spring-beans-4.1.xsd=org/springframework/beans/factory/xml/spring-beans.xsd, https://www.springframework.org/schema/cache/spring-cache-3.2.xsd=org/springframework/cache/config/spring-cache.xsd, http://www.springframework.org/schema/beans/spring-beans-4.3.xsd=org/springframework/beans/factory/xml/spring-beans.xsd, https://www.springframework.org/schema/context/spring-context-3.2.xsd=org/springframework/context/config/spring-context.xsd, https://www.springframework.org/schema/lang/spring-lang-3.1.xsd=org/springframework/scripting/config/spring-lang.xsd, http://www.springframework.org/schema/beans/spring-beans-4.1.xsd=org/springframework/beans/factory/xml/spring-beans.xsd, https://www.springframework.org/schema/beans/spring-beans-3.2.xsd=org/springframework/beans/factory/xml/spring-beans.xsd, http://www.springframework.org/schema/cache/spring-cache-4.0.xsd=org/springframework/cache/config/spring-cache.xsd, http://www.springframework.org/schema/tool/spring-tool-4.2.xsd=org/springframework/beans/factory/xml/spring-tool.xsd, http://www.springframework.org/schema/util/spring-util-2.5.xsd=org/springframework/beans/factory/xml/spring-util.xsd, http://www.springframework.org/schema/lang/spring-lang-3.1.xsd=org/springframework/scripting/config/spring-lang.xsd, http://www.springframework.org/schema/task/spring-task.xsd=org/springframework/scheduling/config/spring-task.xsd, https://www.springframework.org/schema/jee/spring-jee.xsd=org/springframework/ejb/config/spring-jee.xsd, https://www.springframework.org/schema/task/spring-task-4.3.xsd=org/springframework/scheduling/config/spring-task.xsd, http://www.springframework.org/schema/task/spring-task-4.2.xsd=org/springframework/scheduling/config/spring-task.xsd, https://www.springframework.org/schema/beans/spring-beans-2.5.xsd=org/springframework/beans/factory/xml/spring-beans.xsd, http://www.springframework.org/schema/aop/spring-aop.xsd=org/springframework/aop/config/spring-aop.xsd, https://www.springframework.org/schema/tool/spring-tool-4.3.xsd=org/springframework/beans/factory/xml/spring-tool.xsd, http://www.springframework.org/schema/lang/spring-lang-4.0.xsd=org/springframework/scripting/config/spring-lang.xsd, https://www.springframework.org/schema/task/spring-task-3.1.xsd=org/springframework/scheduling/config/spring-task.xsd, https://www.springframework.org/schema/tool/spring-tool-2.0.xsd=org/springframework/beans/factory/xml/spring-tool.xsd, https://www.springframework.org/schema/jee/spring-jee-3.1.xsd=org/springframework/ejb/config/spring-jee.xsd, https://www.springframework.org/schema/aop/spring-aop-3.1.xsd=org/springframework/aop/config/spring-aop.xsd, http://www.springframework.org/schema/beans/spring-beans-2.0.xsd=org/springframework/beans/factory/xml/spring-beans.xsd, http://www.springframework.org/schema/task/spring-task-4.1.xsd=org/springframework/scheduling/config/spring-task.xsd, http://www.springframework.org/schema/util/spring-util-3.2.xsd=org/springframework/beans/factory/xml/spring-util.xsd, https://www.springframework.org/schema/beans/spring-beans-3.1.xsd=org/springframework/beans/factory/xml/spring-beans.xsd, https://www.springframework.org/schema/cache/spring-cache-4.2.xsd=org/springframework/cache/config/spring-cache.xsd, http://www.springframework.org/schema/cache/spring-cache-3.2.xsd=org/springframework/cache/config/spring-cache.xsd, http://www.springframework.org/schema/lang/spring-lang-3.2.xsd=org/springframework/scripting/config/spring-lang.xsd, https://www.springframework.org/schema/cache/spring-cache-4.0.xsd=org/springframework/cache/config/spring-cache.xsd, http://www.springframework.org/schema/jee/spring-jee-3.2.xsd=org/springframework/ejb/config/spring-jee.xsd, http://www.springframework.org/schema/util/spring-util-3.0.xsd=org/springframework/beans/factory/xml/spring-util.xsd, http://www.springframework.org/schema/aop/spring-aop-3.2.xsd=org/springframework/aop/config/spring-aop.xsd, http://www.springframework.org/schema/tool/spring-tool-3.2.xsd=org/springframework/beans/factory/xml/spring-tool.xsd, http://www.springframework.org/schema/context/spring-context.xsd=org/springframework/context/config/spring-context.xsd, http://www.springframework.org/schema/aop/spring-aop-4.0.xsd=org/springframework/aop/config/spring-aop.xsd, http://www.springframework.org/schema/jee/spring-jee-4.0.xsd=org/springframework/ejb/config/spring-jee.xsd, https://www.springframework.org/schema/util/spring-util-2.0.xsd=org/springframework/beans/factory/xml/spring-util.xsd, http://www.springframework.org/schema/beans/spring-beans-3.0.xsd=org/springframework/beans/factory/xml/spring-beans.xsd, https://www.springframework.org/schema/tool/spring-tool-3.0.xsd=org/springframework/beans/factory/xml/spring-tool.xsd, https://www.springframework.org/schema/lang/spring-lang.xsd=org/springframework/scripting/config/spring-lang.xsd, http://www.springframework.org/schema/jee/spring-jee-3.0.xsd=org/springframework/ejb/config/spring-jee.xsd, http://www.springframework.org/schema/aop/spring-aop-3.0.xsd=org/springframework/aop/config/spring-aop.xsd, https://www.springframework.org/schema/jee/spring-jee-4.1.xsd=org/springframework/ejb/config/spring-jee.xsd, https://www.springframework.org/schema/aop/spring-aop-4.1.xsd=org/springframework/aop/config/spring-aop.xsd, https://www.springframework.org/schema/jee/spring-jee-2.5.xsd=org/springframework/ejb/config/spring-jee.xsd, https://www.springframework.org/schema/aop/spring-aop-2.5.xsd=org/springframework/aop/config/spring-aop.xsd, http://www.springframework.org/schema/task/spring-task-3.1.xsd=org/springframework/scheduling/config/spring-task.xsd, https://www.springframework.org/schema/task/spring-task.xsd=org/springframework/scheduling/config/spring-task.xsd, https://www.springframework.org/schema/context/spring-context-4.2.xsd=org/springframework/context/config/spring-context.xsd, https://www.springframework.org/schema/util/spring-util-3.0.xsd=org/springframework/beans/factory/xml/spring-util.xsd, http://www.springframework.org/schema/lang/spring-lang-4.2.xsd=org/springframework/scripting/config/spring-lang.xsd, http://www.springframework.org/schema/tool/spring-tool-3.0.xsd=org/springframework/beans/factory/xml/spring-tool.xsd}
12:16:35.074 [main] TRACE o.s.b.f.xml.PluggableSchemaResolver -- Found XML schema [http://www.springframework.org/schema/beans/spring-beans.xsd] in classpath: org/springframework/beans/factory/xml/spring-beans.xsd
12:16:35.129 [main] DEBUG o.s.b.f.xml.XmlBeanDefinitionReader -- Loaded 0 bean definitions from class path resource [spring.xml]
12:16:35.131 [main] TRACE o.s.b.f.xml.XmlBeanDefinitionReader -- Loaded 0 bean definitions from location pattern [spring.xml]
12:16:35.145 [main] TRACE o.s.c.s.ClassPathXmlApplicationContext -- No 'messageSource' bean, using [Empty MessageSource]
12:16:35.147 [main] TRACE o.s.c.s.ClassPathXmlApplicationContext -- No 'applicationEventMulticaster' bean, using [SimpleApplicationEventMulticaster]
12:16:35.149 [main] TRACE o.s.b.f.s.DefaultListableBeanFactory -- Pre-instantiating singletons in org.springframework.beans.factory.support.DefaultListableBeanFactory@4e268090: defining beans []; root of factory hierarchy
12:16:35.171 [main] TRACE o.s.c.i.s.SpringFactoriesLoader -- Loaded [org.springframework.beans.BeanInfoFactory] names: []
12:16:35.175 [main] TRACE o.s.c.s.ClassPathXmlApplicationContext -- No 'lifecycleProcessor' bean, using [DefaultLifecycleProcessor]
12:16:35.175 [main] TRACE o.s.b.f.s.DefaultListableBeanFactory -- Returning cached instance of singleton bean 'lifecycleProcessor'
12:16:35.178 [main] DEBUG stratpoint.samuelnieva.Main -- Start of main method:
